  CScene.cpp
D:\Git Repos\Ubisoft_Next\Ubisoft-NEXT\GameTest\src\ECS\CScene.h(61,29): error C2039: 'SetComponent': is not a member of 'Engine::CEntityManager'
  (compiling source file '/src/ECS/CScene.cpp')
  D:\Git Repos\Ubisoft_Next\Ubisoft-NEXT\GameTest\src\ECS\CEntityManager.h(15,11):
  see declaration of 'Engine::CEntityManager'
  D:\Git Repos\Ubisoft_Next\Ubisoft-NEXT\GameTest\src\ECS\CScene.h(61,29):
  the template instantiation context (the oldest one first) is
  	D:\Git Repos\Ubisoft_Next\Ubisoft-NEXT\GameTest\src\ECS\CScene.cpp(39,4):
  	see reference to function template instantiation 'T *Engine::CScene::AddComponent<Engine::Transform>(Engine::Entity)' being compiled
          with
          [
              T=Engine::Transform
          ]
  
D:\Git Repos\Ubisoft_Next\Ubisoft-NEXT\GameTest\src\ECS\CScene.h(83,28): error C2440: 'initializing': cannot convert from 'const Value' to 'Engine::Transform'
D:\Git Repos\Ubisoft_Next\Ubisoft-NEXT\GameTest\src\ECS\CScene.h(83,28): error C2440:         with
D:\Git Repos\Ubisoft_Next\Ubisoft-NEXT\GameTest\src\ECS\CScene.h(83,28): error C2440:         [
D:\Git Repos\Ubisoft_Next\Ubisoft-NEXT\GameTest\src\ECS\CScene.h(83,28): error C2440:             Value=Engine::ComponentId
D:\Git Repos\Ubisoft_Next\Ubisoft-NEXT\GameTest\src\ECS\CScene.h(83,28): error C2440:         ]
  (compiling source file '/src/ECS/CScene.cpp')
  D:\Git Repos\Ubisoft_Next\Ubisoft-NEXT\GameTest\src\ECS\CScene.h(83,28):
  'Engine::Transform::Transform': no overloaded function could convert all the argument types
  	D:\Git Repos\Ubisoft_Next\Ubisoft-NEXT\GameTest\src\ECS\SComponents.h(20,2):
  	could be 'Engine::Transform::Transform(Engine::Transform &&)'
  		D:\Git Repos\Ubisoft_Next\Ubisoft-NEXT\GameTest\src\ECS\CScene.h(83,28):
  		'Engine::Transform::Transform(Engine::Transform &&)': cannot convert argument 1 from 'const Value' to 'Engine::Transform &&'
          with
          [
              Value=Engine::ComponentId
          ]
  			D:\Git Repos\Ubisoft_Next\Ubisoft-NEXT\GameTest\src\ECS\CScene.h(83,69):
  			Reason: cannot convert from 'const Value' to 'Engine::Transform'
          with
          [
              Value=Engine::ComponentId
          ]
  	D:\Git Repos\Ubisoft_Next\Ubisoft-NEXT\GameTest\src\ECS\SComponents.h(20,2):
  	or       'Engine::Transform::Transform(const Engine::Transform &)'
  		D:\Git Repos\Ubisoft_Next\Ubisoft-NEXT\GameTest\src\ECS\CScene.h(83,28):
  		'Engine::Transform::Transform(const Engine::Transform &)': cannot convert argument 1 from 'const Value' to 'const Engine::Transform &'
          with
          [
              Value=Engine::ComponentId
          ]
  			D:\Git Repos\Ubisoft_Next\Ubisoft-NEXT\GameTest\src\ECS\CScene.h(83,69):
  			Reason: cannot convert from 'const Value' to 'const Engine::Transform'
          with
          [
              Value=Engine::ComponentId
          ]
  	D:\Git Repos\Ubisoft_Next\Ubisoft-NEXT\GameTest\src\ECS\CScene.h(83,28):
  	while trying to match the argument list '(const Value)'
          with
          [
              Value=Engine::ComponentId
          ]
  D:\Git Repos\Ubisoft_Next\Ubisoft-NEXT\GameTest\src\ECS\CScene.h(83,28):
  the template instantiation context (the oldest one first) is
  	D:\Git Repos\Ubisoft_Next\Ubisoft-NEXT\GameTest\src\ECS\CScene.cpp(60,28):
  	see reference to function template instantiation 'T *Engine::CScene::Get<Engine::Transform>(Engine::Entity)' being compiled
          with
          [
              T=Engine::Transform
          ]
  
D:\Git Repos\Ubisoft_Next\Ubisoft-NEXT\GameTest\src\ECS\CScene.h(86,30): error C2676: binary '==': 'T' does not define this operator or a conversion to a type acceptable to the predefined operator
D:\Git Repos\Ubisoft_Next\Ubisoft-NEXT\GameTest\src\ECS\CScene.h(86,30): error C2676:         with
D:\Git Repos\Ubisoft_Next\Ubisoft-NEXT\GameTest\src\ECS\CScene.h(86,30): error C2676:         [
D:\Git Repos\Ubisoft_Next\Ubisoft-NEXT\GameTest\src\ECS\CScene.h(86,30): error C2676:             T=Engine::Transform
D:\Git Repos\Ubisoft_Next\Ubisoft-NEXT\GameTest\src\ECS\CScene.h(86,30): error C2676:         ]
  (compiling source file '/src/ECS/CScene.cpp')
  
  Vector2Tests.cpp
  Generating Code...
